INFO: 2015-07-06 18:32:11,558 discovery.py build :: URL being requested: GET https://www.googleapis.com/discovery/v1/apis/drive/v2/rest
DEBUG: 2015-07-06 18:32:11,746 servicemenu.py service_menu :: service
INFO: 2015-07-06 18:32:14,725 discovery.py method :: URL being requested: GET https://www.googleapis.com/drive/v2/files/root/children?alt=json
INFO: 2015-07-06 18:32:14,966 discovery.py method :: URL being requested: GET https://www.googleapis.com/drive/v2/files/0BzF04tKGoSKEa3VsTkttbk0tZzQ?alt=json
INFO: 2015-07-06 18:32:15,172 discovery.py method :: URL being requested: GET https://www.googleapis.com/drive/v2/files/1lAbCO2cZxWFy28jTVOgfciDmOVM?alt=json
INFO: 2015-07-06 18:32:16,778 discovery.py method :: URL being requested: GET https://www.googleapis.com/drive/v2/files/0BzF04tKGoSKEenVLanVIQkFYWW8?alt=json
INFO: 2015-07-06 18:32:16,975 discovery.py method :: URL being requested: GET https://www.googleapis.com/drive/v2/files/0B1ze-A5UN91HfmxjdnpjY29GZFpQT21VdDF4Q0k2Uld0N0hjRzcxNHN2elh4d2dGZkE0LUU?alt=json
INFO: 2015-07-06 18:32:17,176 discovery.py method :: URL being requested: GET https://www.googleapis.com/drive/v2/files/1jI57NxCtqxr1sKniaCuLcl_8t_dtv9ApsOgu39bZT_g?alt=json
INFO: 2015-07-06 18:32:17,581 discovery.py method :: URL being requested: GET https://www.googleapis.com/drive/v2/files/0B1ze-A5UN91Hfll1OVdKUnpxWGc2OVowUkNxMTFxbzBpVXRSbVhqb2k5WGpQYWJVSm5xTm8?alt=json
INFO: 2015-07-06 18:32:17,762 discovery.py method :: URL being requested: GET https://www.googleapis.com/drive/v2/files/0B-lT58caWaxOaWdnYlpvay1vbGc?alt=json
INFO: 2015-07-06 18:32:17,958 discovery.py method :: URL being requested: GET https://www.googleapis.com/drive/v2/files/0BzF04tKGoSKEZ2x1bW8tZjNKbWs?alt=json
INFO: 2015-07-06 18:32:18,156 discovery.py method :: URL being requested: GET https://www.googleapis.com/drive/v2/files/0BzF04tKGoSKEaXo2bnk1TjhPd0k?alt=json
INFO: 2015-07-06 18:32:18,344 discovery.py method :: URL being requested: GET https://www.googleapis.com/drive/v2/files/0BzF04tKGoSKEQkxWb09FVWp3LWs?alt=json
INFO: 2015-07-06 18:32:18,524 discovery.py method :: URL being requested: GET https://www.googleapis.com/drive/v2/files/0BzF04tKGoSKETlVpSURHdWFGUnM?alt=json
INFO: 2015-07-06 18:32:18,721 discovery.py method :: URL being requested: GET https://www.googleapis.com/drive/v2/files/0BzF04tKGoSKELXI1REhOOXhCVUU?alt=json
INFO: 2015-07-06 18:32:18,902 discovery.py method :: URL being requested: GET https://www.googleapis.com/drive/v2/files/0BzF04tKGoSKENVJZU3g3YlFyVms?alt=json
INFO: 2015-07-06 18:32:19,079 discovery.py method :: URL being requested: GET https://www.googleapis.com/drive/v2/files/0BzF04tKGoSKEbEZJZUtnWkdpQWM?alt=json
INFO: 2015-07-06 18:35:10,604 discovery.py build :: URL being requested: GET https://www.googleapis.com/discovery/v1/apis/drive/v2/rest
DEBUG: 2015-07-06 18:35:11,194 servicemenu.py service_menu :: service
INFO: 2015-07-06 18:37:30,871 discovery.py build :: URL being requested: GET https://www.googleapis.com/discovery/v1/apis/drive/v2/rest
DEBUG: 2015-07-06 18:37:31,442 servicemenu.py service_menu :: service
INFO: 2015-07-06 18:45:22,133 discovery.py build :: URL being requested: GET https://www.googleapis.com/discovery/v1/apis/drive/v2/rest
DEBUG: 2015-07-06 18:45:22,508 servicemenu.py service_menu :: service
INFO: 2015-07-06 18:47:14,393 discovery.py build :: URL being requested: GET https://www.googleapis.com/discovery/v1/apis/drive/v2/rest
DEBUG: 2015-07-06 18:47:14,618 servicemenu.py service_menu :: service
INFO: 2015-07-06 23:19:18,729 discovery.py build :: URL being requested: GET https://www.googleapis.com/discovery/v1/apis/drive/v2/rest
DEBUG: 2015-07-06 23:19:21,007 servicemenu.py service_menu :: service
INFO: 2015-07-06 23:29:57,594 discovery.py build :: URL being requested: GET https://www.googleapis.com/discovery/v1/apis/drive/v2/rest
DEBUG: 2015-07-06 23:29:59,472 servicemenu.py service_menu :: service
INFO: 2015-07-06 23:30:05,511 discovery.py method :: URL being requested: GET https://www.googleapis.com/drive/v2/files/root/children?alt=json
INFO: 2015-07-06 23:30:05,734 client.py new_request :: Refreshing due to a 401 (attempt 1/2)
INFO: 2015-07-06 23:30:05,735 client.py _do_refresh_request :: Refreshing access_token
INFO: 2015-07-06 23:31:29,364 discovery.py build :: URL being requested: GET https://www.googleapis.com/discovery/v1/apis/drive/v2/rest
DEBUG: 2015-07-06 23:31:31,020 servicemenu.py service_menu :: service
INFO: 2015-07-06 23:31:34,448 discovery.py method :: URL being requested: GET https://www.googleapis.com/drive/v2/files/root/children?alt=json
INFO: 2015-07-06 23:32:40,040 discovery.py build :: URL being requested: GET https://www.googleapis.com/discovery/v1/apis/drive/v2/rest
DEBUG: 2015-07-06 23:32:41,691 servicemenu.py service_menu :: service
INFO: 2015-07-06 23:32:44,525 discovery.py method :: URL being requested: GET https://www.googleapis.com/drive/v2/files/root/children?alt=json
INFO: 2015-07-06 23:33:25,538 discovery.py build :: URL being requested: GET https://www.googleapis.com/discovery/v1/apis/drive/v2/rest
DEBUG: 2015-07-06 23:33:27,162 servicemenu.py service_menu :: service
INFO: 2015-07-06 23:33:29,122 discovery.py method :: URL being requested: GET https://www.googleapis.com/drive/v2/files/root/children?alt=json
INFO: 2015-07-06 23:34:48,275 discovery.py build :: URL being requested: GET https://www.googleapis.com/discovery/v1/apis/drive/v2/rest
DEBUG: 2015-07-06 23:34:50,436 servicemenu.py service_menu :: service
INFO: 2015-07-06 23:34:53,120 discovery.py method :: URL being requested: GET https://www.googleapis.com/drive/v2/files/root/children?alt=json
INFO: 2015-07-06 23:35:25,923 discovery.py build :: URL being requested: GET https://www.googleapis.com/discovery/v1/apis/drive/v2/rest
DEBUG: 2015-07-06 23:35:27,602 servicemenu.py service_menu :: service
INFO: 2015-07-06 23:35:32,725 discovery.py method :: URL being requested: GET https://www.googleapis.com/drive/v2/files/root/children?q=title+%3D+%27TermDrive%27&alt=json
INFO: 2015-07-06 23:35:50,116 discovery.py build :: URL being requested: GET https://www.googleapis.com/discovery/v1/apis/drive/v2/rest
DEBUG: 2015-07-06 23:35:51,862 servicemenu.py service_menu :: service
INFO: 2015-07-06 23:35:53,778 discovery.py method :: URL being requested: GET https://www.googleapis.com/drive/v2/files/root/children?q=title+%3D+%27TermDrive%27&alt=json
INFO: 2015-07-06 23:36:24,733 discovery.py build :: URL being requested: GET https://www.googleapis.com/discovery/v1/apis/drive/v2/rest
DEBUG: 2015-07-06 23:36:26,277 servicemenu.py service_menu :: service
INFO: 2015-07-06 23:36:30,777 discovery.py method :: URL being requested: GET https://www.googleapis.com/drive/v2/files/root/children?q=title+%3D+TermDrive&alt=json
INFO: 2015-07-06 23:37:13,020 discovery.py build :: URL being requested: GET https://www.googleapis.com/discovery/v1/apis/drive/v2/rest
DEBUG: 2015-07-06 23:37:14,507 servicemenu.py service_menu :: service
INFO: 2015-07-06 23:37:17,793 discovery.py method :: URL being requested: GET https://www.googleapis.com/drive/v2/files/root/children?q=title+%3D+%27TermDrive%27&alt=json
INFO: 2015-07-06 23:38:12,109 discovery.py build :: URL being requested: GET https://www.googleapis.com/discovery/v1/apis/drive/v2/rest
DEBUG: 2015-07-06 23:38:14,719 servicemenu.py service_menu :: service
INFO: 2015-07-06 23:38:18,447 discovery.py method :: URL being requested: GET https://www.googleapis.com/drive/v2/files/root/children?q=title+%3D+%27TermDrive%27&alt=json
INFO: 2015-07-06 23:38:39,735 discovery.py build :: URL being requested: GET https://www.googleapis.com/discovery/v1/apis/drive/v2/rest
DEBUG: 2015-07-06 23:38:41,612 servicemenu.py service_menu :: service
INFO: 2015-07-06 23:38:44,720 discovery.py method :: URL being requested: GET https://www.googleapis.com/drive/v2/files/root/children?q=title+%3D+%27TermDrive%27&alt=json
INFO: 2015-07-06 23:42:28,419 discovery.py build :: URL being requested: GET https://www.googleapis.com/discovery/v1/apis/drive/v2/rest
DEBUG: 2015-07-06 23:42:30,111 servicemenu.py service_menu :: service
INFO: 2015-07-06 23:42:32,353 discovery.py method :: URL being requested: GET https://www.googleapis.com/drive/v2/files/root/children?q=title+%3D+%27TermDrive%27&alt=json
INFO: 2015-07-06 23:48:50,546 discovery.py build :: URL being requested: GET https://www.googleapis.com/discovery/v1/apis/drive/v2/rest
DEBUG: 2015-07-06 23:48:52,252 servicemenu.py service_menu :: service
INFO: 2015-07-06 23:48:54,999 discovery.py method :: URL being requested: GET https://www.googleapis.com/drive/v2/files/root/children?q=title+%3D+%27TermDrive%27&alt=json
INFO: 2015-07-06 23:50:01,479 discovery.py build :: URL being requested: GET https://www.googleapis.com/discovery/v1/apis/drive/v2/rest
DEBUG: 2015-07-06 23:50:03,526 servicemenu.py service_menu :: service
INFO: 2015-07-06 23:50:06,002 discovery.py method :: URL being requested: GET https://www.googleapis.com/drive/v2/files/root/children?q=title+%3D+%27TermDrive%27&alt=json
INFO: 2015-07-06 23:52:20,000 discovery.py build :: URL being requested: GET https://www.googleapis.com/discovery/v1/apis/drive/v2/rest
DEBUG: 2015-07-06 23:52:21,479 servicemenu.py service_menu :: service
INFO: 2015-07-06 23:52:24,771 discovery.py method :: URL being requested: GET https://www.googleapis.com/drive/v2/files/root/children?q=title+%3D+%27TermDrive%27&alt=json
INFO: 2015-07-06 23:52:25,104 discovery.py method :: URL being requested: POST https://www.googleapis.com/drive/v2/files?alt=json
INFO: 2015-07-06 23:52:30,803 discovery.py method :: URL being requested: GET https://www.googleapis.com/drive/v2/files/root/children?q=title+%3D+%27TermDrive%27&alt=json
INFO: 2015-07-06 23:52:36,015 discovery.py method :: URL being requested: GET https://www.googleapis.com/drive/v2/files/root/children?alt=json
INFO: 2015-07-06 23:52:36,530 discovery.py method :: URL being requested: GET https://www.googleapis.com/drive/v2/files/0BzF04tKGoSKEdWhsQ2s3RE5rUVU?alt=json
INFO: 2015-07-06 23:52:37,144 discovery.py method :: URL being requested: GET https://www.googleapis.com/drive/v2/files/0BzF04tKGoSKEa3VsTkttbk0tZzQ?alt=json
INFO: 2015-07-06 23:52:37,761 discovery.py method :: URL being requested: GET https://www.googleapis.com/drive/v2/files/1lAbCO2cZxWFy28jTVOgfciDmOVM?alt=json
INFO: 2015-07-06 23:52:38,987 discovery.py method :: URL being requested: GET https://www.googleapis.com/drive/v2/files/0BzF04tKGoSKEenVLanVIQkFYWW8?alt=json
INFO: 2015-07-06 23:52:39,604 discovery.py method :: URL being requested: GET https://www.googleapis.com/drive/v2/files/0B1ze-A5UN91HfmxjdnpjY29GZFpQT21VdDF4Q0k2Uld0N0hjRzcxNHN2elh4d2dGZkE0LUU?alt=json
INFO: 2015-07-06 23:52:40,217 discovery.py method :: URL being requested: GET https://www.googleapis.com/drive/v2/files/1jI57NxCtqxr1sKniaCuLcl_8t_dtv9ApsOgu39bZT_g?alt=json
INFO: 2015-07-06 23:52:40,831 discovery.py method :: URL being requested: GET https://www.googleapis.com/drive/v2/files/0B1ze-A5UN91Hfll1OVdKUnpxWGc2OVowUkNxMTFxbzBpVXRSbVhqb2k5WGpQYWJVSm5xTm8?alt=json
INFO: 2015-07-06 23:52:43,312 discovery.py method :: URL being requested: GET https://www.googleapis.com/drive/v2/files/0B-lT58caWaxOaWdnYlpvay1vbGc?alt=json
INFO: 2015-07-06 23:52:43,912 discovery.py method :: URL being requested: GET https://www.googleapis.com/drive/v2/files/0BzF04tKGoSKEZ2x1bW8tZjNKbWs?alt=json
INFO: 2015-07-06 23:52:46,362 discovery.py method :: URL being requested: GET https://www.googleapis.com/drive/v2/files/0BzF04tKGoSKEaXo2bnk1TjhPd0k?alt=json
INFO: 2015-07-06 23:52:46,644 discovery.py method :: URL being requested: GET https://www.googleapis.com/drive/v2/files/0BzF04tKGoSKEQkxWb09FVWp3LWs?alt=json
INFO: 2015-07-06 23:52:46,992 discovery.py method :: URL being requested: GET https://www.googleapis.com/drive/v2/files/0BzF04tKGoSKETlVpSURHdWFGUnM?alt=json
INFO: 2015-07-06 23:52:47,359 discovery.py method :: URL being requested: GET https://www.googleapis.com/drive/v2/files/0BzF04tKGoSKELXI1REhOOXhCVUU?alt=json
INFO: 2015-07-06 23:52:48,207 discovery.py method :: URL being requested: GET https://www.googleapis.com/drive/v2/files/0BzF04tKGoSKENVJZU3g3YlFyVms?alt=json
INFO: 2015-07-06 23:52:48,695 discovery.py method :: URL being requested: GET https://www.googleapis.com/drive/v2/files/0BzF04tKGoSKEbEZJZUtnWkdpQWM?alt=json
INFO: 2015-07-06 23:56:35,331 discovery.py build :: URL being requested: GET https://www.googleapis.com/discovery/v1/apis/drive/v2/rest
DEBUG: 2015-07-06 23:56:37,427 servicemenu.py service_menu :: service
INFO: 2015-07-06 23:56:39,442 discovery.py method :: URL being requested: GET https://www.googleapis.com/drive/v2/files/root/children?q=title+%3D+%27TermDrive%27&alt=json
INFO: 2015-07-07 00:00:29,837 discovery.py build :: URL being requested: GET https://www.googleapis.com/discovery/v1/apis/drive/v2/rest
DEBUG: 2015-07-07 00:00:31,535 servicemenu.py service_menu :: service
INFO: 2015-07-07 00:00:37,102 discovery.py method :: URL being requested: GET https://www.googleapis.com/drive/v2/files/root/children?q=title+%3D+%27TermDrive%27&alt=json
INFO: 2015-07-07 00:01:43,742 discovery.py build :: URL being requested: GET https://www.googleapis.com/discovery/v1/apis/drive/v2/rest
DEBUG: 2015-07-07 00:01:45,278 servicemenu.py service_menu :: service
INFO: 2015-07-07 00:01:56,418 discovery.py method :: URL being requested: GET https://www.googleapis.com/drive/v2/files/root/children?alt=json
INFO: 2015-07-07 00:01:56,761 discovery.py method :: URL being requested: GET https://www.googleapis.com/drive/v2/files/0BzF04tKGoSKEdWhsQ2s3RE5rUVU?alt=json
INFO: 2015-07-07 00:01:57,112 discovery.py method :: URL being requested: GET https://www.googleapis.com/drive/v2/files/0BzF04tKGoSKEa3VsTkttbk0tZzQ?alt=json
INFO: 2015-07-07 00:01:57,419 discovery.py method :: URL being requested: GET https://www.googleapis.com/drive/v2/files/1lAbCO2cZxWFy28jTVOgfciDmOVM?alt=json
INFO: 2015-07-07 00:01:57,977 discovery.py method :: URL being requested: GET https://www.googleapis.com/drive/v2/files/0BzF04tKGoSKEenVLanVIQkFYWW8?alt=json
INFO: 2015-07-07 00:01:58,263 discovery.py method :: URL being requested: GET https://www.googleapis.com/drive/v2/files/0B1ze-A5UN91HfmxjdnpjY29GZFpQT21VdDF4Q0k2Uld0N0hjRzcxNHN2elh4d2dGZkE0LUU?alt=json
INFO: 2015-07-07 00:01:58,562 discovery.py method :: URL being requested: GET https://www.googleapis.com/drive/v2/files/1jI57NxCtqxr1sKniaCuLcl_8t_dtv9ApsOgu39bZT_g?alt=json
INFO: 2015-07-07 00:01:58,886 discovery.py method :: URL being requested: GET https://www.googleapis.com/drive/v2/files/0B1ze-A5UN91Hfll1OVdKUnpxWGc2OVowUkNxMTFxbzBpVXRSbVhqb2k5WGpQYWJVSm5xTm8?alt=json
INFO: 2015-07-07 00:01:59,171 discovery.py method :: URL being requested: GET https://www.googleapis.com/drive/v2/files/0B-lT58caWaxOaWdnYlpvay1vbGc?alt=json
INFO: 2015-07-07 00:01:59,465 discovery.py method :: URL being requested: GET https://www.googleapis.com/drive/v2/files/0BzF04tKGoSKEZ2x1bW8tZjNKbWs?alt=json
INFO: 2015-07-07 00:01:59,753 discovery.py method :: URL being requested: GET https://www.googleapis.com/drive/v2/files/0BzF04tKGoSKEaXo2bnk1TjhPd0k?alt=json
INFO: 2015-07-07 00:02:00,112 discovery.py method :: URL being requested: GET https://www.googleapis.com/drive/v2/files/0BzF04tKGoSKEQkxWb09FVWp3LWs?alt=json
INFO: 2015-07-07 00:02:00,405 discovery.py method :: URL being requested: GET https://www.googleapis.com/drive/v2/files/0BzF04tKGoSKETlVpSURHdWFGUnM?alt=json
INFO: 2015-07-07 00:02:00,690 discovery.py method :: URL being requested: GET https://www.googleapis.com/drive/v2/files/0BzF04tKGoSKELXI1REhOOXhCVUU?alt=json
INFO: 2015-07-07 00:02:00,973 discovery.py method :: URL being requested: GET https://www.googleapis.com/drive/v2/files/0BzF04tKGoSKENVJZU3g3YlFyVms?alt=json
INFO: 2015-07-07 00:02:01,265 discovery.py method :: URL being requested: GET https://www.googleapis.com/drive/v2/files/0BzF04tKGoSKEbEZJZUtnWkdpQWM?alt=json
INFO: 2015-07-07 00:02:13,561 discovery.py method :: URL being requested: GET https://www.googleapis.com/drive/v2/files/root/children?q=title+%3D+%27TermDrive%27&alt=json
INFO: 2015-07-07 00:05:34,518 discovery.py build :: URL being requested: GET https://www.googleapis.com/discovery/v1/apis/drive/v2/rest
DEBUG: 2015-07-07 00:05:36,370 servicemenu.py service_menu :: service
INFO: 2015-07-07 00:05:58,785 discovery.py build :: URL being requested: GET https://www.googleapis.com/discovery/v1/apis/drive/v2/rest
DEBUG: 2015-07-07 00:06:00,282 servicemenu.py service_menu :: service
INFO: 2015-07-07 00:06:58,360 discovery.py build :: URL being requested: GET https://www.googleapis.com/discovery/v1/apis/drive/v2/rest
DEBUG: 2015-07-07 00:06:59,848 servicemenu.py service_menu :: service
INFO: 2015-07-07 00:08:52,729 discovery.py build :: URL being requested: GET https://www.googleapis.com/discovery/v1/apis/drive/v2/rest
DEBUG: 2015-07-07 00:08:54,806 servicemenu.py service_menu :: service
INFO: 2015-07-07 00:09:32,663 discovery.py build :: URL being requested: GET https://www.googleapis.com/discovery/v1/apis/drive/v2/rest
DEBUG: 2015-07-07 00:09:34,752 servicemenu.py service_menu :: service
INFO: 2015-07-07 00:10:09,204 discovery.py build :: URL being requested: GET https://www.googleapis.com/discovery/v1/apis/drive/v2/rest
DEBUG: 2015-07-07 00:10:10,811 servicemenu.py service_menu :: service
INFO: 2015-07-07 00:12:13,603 discovery.py build :: URL being requested: GET https://www.googleapis.com/discovery/v1/apis/drive/v2/rest
DEBUG: 2015-07-07 00:12:15,146 servicemenu.py service_menu :: service
INFO: 2015-07-07 00:12:27,720 discovery.py build :: URL being requested: GET https://www.googleapis.com/discovery/v1/apis/drive/v2/rest
DEBUG: 2015-07-07 00:12:29,596 servicemenu.py service_menu :: service
INFO: 2015-07-07 00:12:53,562 discovery.py build :: URL being requested: GET https://www.googleapis.com/discovery/v1/apis/drive/v2/rest
DEBUG: 2015-07-07 00:12:55,685 servicemenu.py service_menu :: service
INFO: 2015-07-07 00:13:43,572 discovery.py method :: URL being requested: GET https://www.googleapis.com/drive/v2/files/root/children?q=title+%3D+%27TermDrive%27&alt=json
INFO: 2015-07-07 00:14:39,834 discovery.py build :: URL being requested: GET https://www.googleapis.com/discovery/v1/apis/drive/v2/rest
DEBUG: 2015-07-07 00:14:41,893 servicemenu.py service_menu :: service
INFO: 2015-07-07 00:14:43,809 discovery.py method :: URL being requested: GET https://www.googleapis.com/drive/v2/files/root/children?q=title+%3D+%27TermDrive%27&alt=json
INFO: 2015-07-07 00:15:51,363 discovery.py build :: URL being requested: GET https://www.googleapis.com/discovery/v1/apis/drive/v2/rest
DEBUG: 2015-07-07 00:15:52,954 servicemenu.py service_menu :: service
INFO: 2015-07-07 00:15:54,673 discovery.py method :: URL being requested: GET https://www.googleapis.com/drive/v2/files/root/children?q=title+%3D+%27TermDrive%27&alt=json
INFO: 2015-07-07 00:28:38,788 discovery.py build :: URL being requested: GET https://www.googleapis.com/discovery/v1/apis/drive/v2/rest
DEBUG: 2015-07-07 00:28:40,763 servicemenu.py service_menu :: service
INFO: 2015-07-07 00:29:04,528 discovery.py build :: URL being requested: GET https://www.googleapis.com/discovery/v1/apis/drive/v2/rest
DEBUG: 2015-07-07 00:29:05,987 servicemenu.py service_menu :: service
INFO: 2015-07-07 00:29:07,849 discovery.py method :: URL being requested: GET https://www.googleapis.com/drive/v2/files/root/children?alt=json
INFO: 2015-07-07 00:29:08,716 discovery.py method :: URL being requested: GET https://www.googleapis.com/drive/v2/files/0BzF04tKGoSKEdWhsQ2s3RE5rUVU?alt=json
INFO: 2015-07-07 00:29:08,986 discovery.py method :: URL being requested: GET https://www.googleapis.com/drive/v2/files/0BzF04tKGoSKEa3VsTkttbk0tZzQ?alt=json
INFO: 2015-07-07 00:29:09,253 discovery.py method :: URL being requested: GET https://www.googleapis.com/drive/v2/files/1lAbCO2cZxWFy28jTVOgfciDmOVM?alt=json
INFO: 2015-07-07 00:29:09,932 discovery.py method :: URL being requested: GET https://www.googleapis.com/drive/v2/files/0BzF04tKGoSKEenVLanVIQkFYWW8?alt=json
INFO: 2015-07-07 00:29:10,190 discovery.py method :: URL being requested: GET https://www.googleapis.com/drive/v2/files/0B1ze-A5UN91HfmxjdnpjY29GZFpQT21VdDF4Q0k2Uld0N0hjRzcxNHN2elh4d2dGZkE0LUU?alt=json
INFO: 2015-07-07 00:29:10,474 discovery.py method :: URL being requested: GET https://www.googleapis.com/drive/v2/files/1jI57NxCtqxr1sKniaCuLcl_8t_dtv9ApsOgu39bZT_g?alt=json
INFO: 2015-07-07 00:29:10,731 discovery.py method :: URL being requested: GET https://www.googleapis.com/drive/v2/files/0B1ze-A5UN91Hfll1OVdKUnpxWGc2OVowUkNxMTFxbzBpVXRSbVhqb2k5WGpQYWJVSm5xTm8?alt=json
INFO: 2015-07-07 00:29:11,019 discovery.py method :: URL being requested: GET https://www.googleapis.com/drive/v2/files/0B-lT58caWaxOaWdnYlpvay1vbGc?alt=json
INFO: 2015-07-07 00:29:11,293 discovery.py method :: URL being requested: GET https://www.googleapis.com/drive/v2/files/0BzF04tKGoSKEZ2x1bW8tZjNKbWs?alt=json
INFO: 2015-07-07 00:29:11,553 discovery.py method :: URL being requested: GET https://www.googleapis.com/drive/v2/files/0BzF04tKGoSKEaXo2bnk1TjhPd0k?alt=json
INFO: 2015-07-07 00:29:11,816 discovery.py method :: URL being requested: GET https://www.googleapis.com/drive/v2/files/0BzF04tKGoSKEQkxWb09FVWp3LWs?alt=json
INFO: 2015-07-07 00:29:12,088 discovery.py method :: URL being requested: GET https://www.googleapis.com/drive/v2/files/0BzF04tKGoSKETlVpSURHdWFGUnM?alt=json
INFO: 2015-07-07 00:29:12,351 discovery.py method :: URL being requested: GET https://www.googleapis.com/drive/v2/files/0BzF04tKGoSKELXI1REhOOXhCVUU?alt=json
INFO: 2015-07-07 00:29:12,627 discovery.py method :: URL being requested: GET https://www.googleapis.com/drive/v2/files/0BzF04tKGoSKENVJZU3g3YlFyVms?alt=json
INFO: 2015-07-07 00:29:12,887 discovery.py method :: URL being requested: GET https://www.googleapis.com/drive/v2/files/0BzF04tKGoSKEbEZJZUtnWkdpQWM?alt=json
INFO: 2015-07-07 00:29:29,303 discovery.py build :: URL being requested: GET https://www.googleapis.com/discovery/v1/apis/drive/v2/rest
DEBUG: 2015-07-07 00:29:31,447 servicemenu.py service_menu :: service
INFO: 2015-07-07 00:29:32,999 discovery.py method :: URL being requested: GET https://www.googleapis.com/drive/v2/files/root/children?alt=json
INFO: 2015-07-07 00:29:33,592 discovery.py method :: URL being requested: GET https://www.googleapis.com/drive/v2/files/0BzF04tKGoSKEdWhsQ2s3RE5rUVU?alt=json
INFO: 2015-07-07 00:29:33,865 discovery.py method :: URL being requested: GET https://www.googleapis.com/drive/v2/files/0BzF04tKGoSKEa3VsTkttbk0tZzQ?alt=json
INFO: 2015-07-07 00:29:34,122 discovery.py method :: URL being requested: GET https://www.googleapis.com/drive/v2/files/1lAbCO2cZxWFy28jTVOgfciDmOVM?alt=json
INFO: 2015-07-07 00:29:34,815 discovery.py method :: URL being requested: GET https://www.googleapis.com/drive/v2/files/0BzF04tKGoSKEenVLanVIQkFYWW8?alt=json
INFO: 2015-07-07 00:29:35,072 discovery.py method :: URL being requested: GET https://www.googleapis.com/drive/v2/files/0B1ze-A5UN91HfmxjdnpjY29GZFpQT21VdDF4Q0k2Uld0N0hjRzcxNHN2elh4d2dGZkE0LUU?alt=json
INFO: 2015-07-07 00:29:35,333 discovery.py method :: URL being requested: GET https://www.googleapis.com/drive/v2/files/1jI57NxCtqxr1sKniaCuLcl_8t_dtv9ApsOgu39bZT_g?alt=json
INFO: 2015-07-07 00:29:35,593 discovery.py method :: URL being requested: GET https://www.googleapis.com/drive/v2/files/0B1ze-A5UN91Hfll1OVdKUnpxWGc2OVowUkNxMTFxbzBpVXRSbVhqb2k5WGpQYWJVSm5xTm8?alt=json
INFO: 2015-07-07 00:29:35,853 discovery.py method :: URL being requested: GET https://www.googleapis.com/drive/v2/files/0B-lT58caWaxOaWdnYlpvay1vbGc?alt=json
INFO: 2015-07-07 00:29:36,121 discovery.py method :: URL being requested: GET https://www.googleapis.com/drive/v2/files/0BzF04tKGoSKEZ2x1bW8tZjNKbWs?alt=json
INFO: 2015-07-07 00:29:36,381 discovery.py method :: URL being requested: GET https://www.googleapis.com/drive/v2/files/0BzF04tKGoSKEaXo2bnk1TjhPd0k?alt=json
INFO: 2015-07-07 00:29:36,657 discovery.py method :: URL being requested: GET https://www.googleapis.com/drive/v2/files/0BzF04tKGoSKEQkxWb09FVWp3LWs?alt=json
INFO: 2015-07-07 00:29:36,914 discovery.py method :: URL being requested: GET https://www.googleapis.com/drive/v2/files/0BzF04tKGoSKETlVpSURHdWFGUnM?alt=json
INFO: 2015-07-07 00:29:37,180 discovery.py method :: URL being requested: GET https://www.googleapis.com/drive/v2/files/0BzF04tKGoSKELXI1REhOOXhCVUU?alt=json
INFO: 2015-07-07 00:29:37,440 discovery.py method :: URL being requested: GET https://www.googleapis.com/drive/v2/files/0BzF04tKGoSKENVJZU3g3YlFyVms?alt=json
INFO: 2015-07-07 00:29:37,737 discovery.py method :: URL being requested: GET https://www.googleapis.com/drive/v2/files/0BzF04tKGoSKEbEZJZUtnWkdpQWM?alt=json
INFO: 2015-07-07 00:29:50,553 discovery.py method :: URL being requested: GET https://www.googleapis.com/drive/v2/files/root/children?q=title+%3D+%27TermDrive%27&alt=json
INFO: 2015-07-07 00:30:21,164 discovery.py build :: URL being requested: GET https://www.googleapis.com/discovery/v1/apis/drive/v2/rest
DEBUG: 2015-07-07 00:30:22,766 servicemenu.py service_menu :: service
INFO: 2015-07-07 00:30:24,587 discovery.py method :: URL being requested: GET https://www.googleapis.com/drive/v2/files/root/children?q=title+%3D+%27TermDrive%27&alt=json
INFO: 2015-07-07 00:30:24,825 client.py new_request :: Refreshing due to a 401 (attempt 1/2)
INFO: 2015-07-07 00:30:24,826 client.py _do_refresh_request :: Refreshing access_token
INFO: 2015-07-07 00:31:11,121 discovery.py build :: URL being requested: GET https://www.googleapis.com/discovery/v1/apis/drive/v2/rest
DEBUG: 2015-07-07 00:31:12,589 servicemenu.py service_menu :: service
INFO: 2015-07-07 00:31:17,450 discovery.py method :: URL being requested: GET https://www.googleapis.com/drive/v2/files/root/children?q=title+%3D+%27TermDrive%27&alt=json
INFO: 2015-07-07 00:31:42,571 discovery.py build :: URL being requested: GET https://www.googleapis.com/discovery/v1/apis/drive/v2/rest
DEBUG: 2015-07-07 00:31:44,473 servicemenu.py service_menu :: service
INFO: 2015-07-07 00:31:46,248 discovery.py method :: URL being requested: GET https://www.googleapis.com/drive/v2/files/root/children?q=title+%3D+%27TermDrive%27&alt=json
INFO: 2015-07-07 00:32:01,890 discovery.py build :: URL being requested: GET https://www.googleapis.com/discovery/v1/apis/drive/v2/rest
DEBUG: 2015-07-07 00:32:03,381 servicemenu.py service_menu :: service
INFO: 2015-07-07 00:32:06,063 discovery.py method :: URL being requested: GET https://www.googleapis.com/drive/v2/files/root/children?q=title+%3D+%27TermDrive%27&alt=json
INFO: 2015-07-07 00:32:46,881 discovery.py build :: URL being requested: GET https://www.googleapis.com/discovery/v1/apis/drive/v2/rest
DEBUG: 2015-07-07 00:32:49,000 servicemenu.py service_menu :: service
INFO: 2015-07-07 00:32:50,870 discovery.py method :: URL being requested: GET https://www.googleapis.com/drive/v2/files/root/children?q=title+%3D+%27TermDrive%27&alt=json
INFO: 2015-07-07 00:33:25,367 discovery.py build :: URL being requested: GET https://www.googleapis.com/discovery/v1/apis/drive/v2/rest
DEBUG: 2015-07-07 00:33:26,895 servicemenu.py service_menu :: service
INFO: 2015-07-07 00:33:28,767 discovery.py method :: URL being requested: GET https://www.googleapis.com/drive/v2/files/root/children?q=title+%3D+%27TermDrive%27&alt=json
INFO: 2015-07-07 00:34:04,693 discovery.py build :: URL being requested: GET https://www.googleapis.com/discovery/v1/apis/drive/v2/rest
DEBUG: 2015-07-07 00:34:06,168 servicemenu.py service_menu :: service
INFO: 2015-07-07 00:34:08,454 discovery.py method :: URL being requested: GET https://www.googleapis.com/drive/v2/files/root/children?q=title+%3D+%27TermDrive%27&alt=json
INFO: 2015-07-07 00:34:42,839 discovery.py build :: URL being requested: GET https://www.googleapis.com/discovery/v1/apis/drive/v2/rest
DEBUG: 2015-07-07 00:34:44,936 servicemenu.py service_menu :: service
INFO: 2015-07-07 00:34:46,845 discovery.py method :: URL being requested: GET https://www.googleapis.com/drive/v2/files/root/children?q=title+%3D+%27TermDrive%27&alt=json
INFO: 2015-07-07 00:34:56,596 discovery.py build :: URL being requested: GET https://www.googleapis.com/discovery/v1/apis/drive/v2/rest
DEBUG: 2015-07-07 00:34:58,146 servicemenu.py service_menu :: service
INFO: 2015-07-07 00:35:02,456 discovery.py method :: URL being requested: GET https://www.googleapis.com/drive/v2/files/root/children?q=title+%3D+%27TermDrive%27&alt=json
INFO: 2015-07-07 00:35:02,750 discovery.py method :: URL being requested: POST https://www.googleapis.com/upload/drive/v2/files?uploadType=resumable&alt=json
INFO: 2015-07-07 00:35:55,062 discovery.py build :: URL being requested: GET https://www.googleapis.com/discovery/v1/apis/drive/v2/rest
DEBUG: 2015-07-07 00:35:56,690 servicemenu.py service_menu :: service
INFO: 2015-07-07 00:36:02,588 discovery.py method :: URL being requested: GET https://www.googleapis.com/drive/v2/files/root/children?q=title+%3D+%27TermDrive%27&alt=json
INFO: 2015-07-07 00:36:02,889 discovery.py method :: URL being requested: POST https://www.googleapis.com/upload/drive/v2/files?uploadType=resumable&alt=json
INFO: 2015-07-07 00:39:57,169 discovery.py build :: URL being requested: GET https://www.googleapis.com/discovery/v1/apis/drive/v2/rest
DEBUG: 2015-07-07 00:39:58,864 servicemenu.py service_menu :: service
INFO: 2015-07-07 00:40:05,048 discovery.py method :: URL being requested: GET https://www.googleapis.com/drive/v2/files/root/children?q=title+%3D+%27TermDrive%27&alt=json
INFO: 2015-07-07 00:40:05,388 discovery.py method :: URL being requested: POST https://www.googleapis.com/upload/drive/v2/files?uploadType=resumable&alt=json
INFO: 2015-07-07 00:43:40,902 discovery.py build :: URL being requested: GET https://www.googleapis.com/discovery/v1/apis/drive/v2/rest
DEBUG: 2015-07-07 00:43:40,864 servicemenu.py service_menu :: service
INFO: 2015-07-07 00:43:48,480 discovery.py method :: URL being requested: GET https://www.googleapis.com/drive/v2/files/root/children?q=title+%3D+%27TermDrive%27&alt=json
INFO: 2015-07-07 00:43:48,800 discovery.py method :: URL being requested: POST https://www.googleapis.com/upload/drive/v2/files?uploadType=resumable&alt=json
INFO: 2015-07-07 00:45:12,376 discovery.py build :: URL being requested: GET https://www.googleapis.com/discovery/v1/apis/drive/v2/rest
DEBUG: 2015-07-07 00:45:14,465 servicemenu.py service_menu :: service
INFO: 2015-07-07 00:45:20,161 discovery.py method :: URL being requested: GET https://www.googleapis.com/drive/v2/files/root/children?q=title+%3D+%27TermDrive%27&alt=json
INFO: 2015-07-07 00:45:20,473 discovery.py method :: URL being requested: POST https://www.googleapis.com/upload/drive/v2/files?uploadType=resumable&alt=json
INFO: 2015-07-07 00:46:38,436 discovery.py build :: URL being requested: GET https://www.googleapis.com/discovery/v1/apis/drive/v2/rest
DEBUG: 2015-07-07 00:46:40,105 servicemenu.py service_menu :: service
INFO: 2015-07-07 00:46:45,446 discovery.py method :: URL being requested: GET https://www.googleapis.com/drive/v2/files/root/children?q=title+%3D+%27TermDrive%27&alt=json
INFO: 2015-07-07 00:46:45,762 discovery.py method :: URL being requested: POST https://www.googleapis.com/upload/drive/v2/files?uploadType=resumable&alt=json
INFO: 2015-07-07 00:52:53,078 discovery.py build :: URL being requested: GET https://www.googleapis.com/discovery/v1/apis/drive/v2/rest
DEBUG: 2015-07-07 00:52:54,919 servicemenu.py service_menu :: service
INFO: 2015-07-07 00:52:58,720 discovery.py method :: URL being requested: GET https://www.googleapis.com/drive/v2/files/root/children?q=title+%3D+%27TermDrive%27&alt=json
INFO: 2015-07-07 00:55:54,811 discovery.py build :: URL being requested: GET https://www.googleapis.com/discovery/v1/apis/drive/v2/rest
DEBUG: 2015-07-07 00:55:56,476 servicemenu.py service_menu :: service
INFO: 2015-07-07 00:55:59,324 discovery.py method :: URL being requested: GET https://www.googleapis.com/drive/v2/files/root/children?q=title+%3D+%27TermDrive%27&alt=json
INFO: 2015-07-07 00:57:21,756 discovery.py build :: URL being requested: GET https://www.googleapis.com/discovery/v1/apis/drive/v2/rest
DEBUG: 2015-07-07 00:57:23,224 servicemenu.py service_menu :: service
INFO: 2015-07-07 00:57:27,449 discovery.py method :: URL being requested: GET https://www.googleapis.com/drive/v2/files/root/children?q=title+%3D+%27TermDrive%27&alt=json
INFO: 2015-07-07 00:57:27,745 discovery.py method :: URL being requested: POST https://www.googleapis.com/drive/v2/files?alt=json
INFO: 2015-07-07 00:57:30,525 discovery.py method :: URL being requested: POST https://www.googleapis.com/upload/drive/v2/files?uploadType=resumable&alt=json
INFO: 2015-07-07 01:00:05,270 discovery.py build :: URL being requested: GET https://www.googleapis.com/discovery/v1/apis/drive/v2/rest
DEBUG: 2015-07-07 01:00:07,096 servicemenu.py service_menu :: service
INFO: 2015-07-07 01:00:12,125 discovery.py method :: URL being requested: GET https://www.googleapis.com/drive/v2/files/root/children?q=title+%3D+%27TermDrive%27&alt=json
INFO: 2015-07-07 01:00:12,439 discovery.py method :: URL being requested: POST https://www.googleapis.com/upload/drive/v2/files?uploadType=resumable&alt=json
INFO: 2015-07-07 01:03:16,657 discovery.py build :: URL being requested: GET https://www.googleapis.com/discovery/v1/apis/drive/v2/rest
DEBUG: 2015-07-07 01:03:18,961 servicemenu.py service_menu :: service
INFO: 2015-07-07 01:03:22,852 discovery.py method :: URL being requested: GET https://www.googleapis.com/drive/v2/files/root/children?q=title+%3D+%27TermDrive%27&alt=json
INFO: 2015-07-07 01:03:23,174 discovery.py method :: URL being requested: POST https://www.googleapis.com/upload/drive/v2/files?uploadType=resumable&alt=json
INFO: 2015-07-07 01:04:59,971 discovery.py build :: URL being requested: GET https://www.googleapis.com/discovery/v1/apis/drive/v2/rest
DEBUG: 2015-07-07 01:05:01,956 servicemenu.py service_menu :: service
INFO: 2015-07-07 01:05:06,415 discovery.py method :: URL being requested: GET https://www.googleapis.com/drive/v2/files/root/children?q=title+%3D+%27TermDrive%27&alt=json
INFO: 2015-07-07 01:07:37,924 discovery.py build :: URL being requested: GET https://www.googleapis.com/discovery/v1/apis/drive/v2/rest
DEBUG: 2015-07-07 01:07:39,503 servicemenu.py service_menu :: service
INFO: 2015-07-07 01:07:42,418 discovery.py method :: URL being requested: GET https://www.googleapis.com/drive/v2/files/root/children?q=title+%3D+%27TermDrive%27&alt=json
INFO: 2015-07-07 01:08:25,100 discovery.py build :: URL being requested: GET https://www.googleapis.com/discovery/v1/apis/drive/v2/rest
DEBUG: 2015-07-07 01:08:27,467 servicemenu.py service_menu :: service
INFO: 2015-07-07 01:08:28,941 discovery.py method :: URL being requested: GET https://www.googleapis.com/drive/v2/files/root/children?q=title+%3D+%27TermDrive%27&alt=json
INFO: 2015-07-07 01:08:34,153 discovery.py build :: URL being requested: GET https://www.googleapis.com/discovery/v1/apis/drive/v2/rest
DEBUG: 2015-07-07 01:08:35,620 servicemenu.py service_menu :: service
INFO: 2015-07-07 01:08:37,728 discovery.py method :: URL being requested: GET https://www.googleapis.com/drive/v2/files/root/children?q=title+%3D+%27TermDrive%27&alt=json
INFO: 2015-07-07 01:08:44,707 discovery.py build :: URL being requested: GET https://www.googleapis.com/discovery/v1/apis/drive/v2/rest
DEBUG: 2015-07-07 01:08:46,163 servicemenu.py service_menu :: service
INFO: 2015-07-07 01:08:51,421 discovery.py method :: URL being requested: GET https://www.googleapis.com/drive/v2/files/root/children?q=title+%3D+%27TermDrive%27&alt=json
INFO: 2015-07-07 01:09:05,225 discovery.py build :: URL being requested: GET https://www.googleapis.com/discovery/v1/apis/drive/v2/rest
DEBUG: 2015-07-07 01:09:06,787 servicemenu.py service_menu :: service
INFO: 2015-07-07 01:09:08,809 discovery.py method :: URL being requested: GET https://www.googleapis.com/drive/v2/files/root/children?q=title+%3D+%27TermDrive%27&alt=json
INFO: 2015-07-07 01:09:40,864 discovery.py build :: URL being requested: GET https://www.googleapis.com/discovery/v1/apis/drive/v2/rest
DEBUG: 2015-07-07 01:09:43,011 servicemenu.py service_menu :: service
INFO: 2015-07-07 01:09:45,016 discovery.py method :: URL being requested: GET https://www.googleapis.com/drive/v2/files/root/children?q=title+%3D+%27TermDrive%27&alt=json
INFO: 2015-07-07 01:11:30,889 discovery.py build :: URL being requested: GET https://www.googleapis.com/discovery/v1/apis/drive/v2/rest
DEBUG: 2015-07-07 01:11:32,390 servicemenu.py service_menu :: service
INFO: 2015-07-07 01:11:34,048 discovery.py method :: URL being requested: GET https://www.googleapis.com/drive/v2/files/root/children?q=title+%3D+%27TermDrive%27&alt=json
INFO: 2015-07-07 01:11:56,955 discovery.py method :: URL being requested: GET https://www.googleapis.com/drive/v2/files/root/children?q=title+%3D+%27TermDrive%27&alt=json
INFO: 2015-07-07 01:11:57,260 discovery.py method :: URL being requested: POST https://www.googleapis.com/upload/drive/v2/files?uploadType=resumable&alt=json
INFO: 2015-07-07 01:12:59,851 discovery.py build :: URL being requested: GET https://www.googleapis.com/discovery/v1/apis/drive/v2/rest
DEBUG: 2015-07-07 01:13:02,207 servicemenu.py service_menu :: service
INFO: 2015-07-07 01:13:10,689 discovery.py method :: URL being requested: GET https://www.googleapis.com/drive/v2/files/root/children?q=title+%3D+%27TermDrive%27&alt=json
INFO: 2015-07-07 01:13:11,004 discovery.py method :: URL being requested: POST https://www.googleapis.com/drive/v2/files?alt=json
INFO: 2015-07-07 01:13:12,245 discovery.py method :: URL being requested: POST https://www.googleapis.com/upload/drive/v2/files?uploadType=resumable&alt=json
